app/build/intermediates/manifest_merge_blame_file/debug/manifest-merger-blame-debug-report.txt
1<?xml version="1.0" encoding="utf-8"?>
2<manifest xmlns:android="http://schemas.android.com/apk/res/android"
3    package="com.sportportal"
4    android:versionCode="1"
5    android:versionName="1.0" >
6
7    <uses-sdk
8        android:minSdkVersion="24"
8-->src/main/AndroidManifest.xml
9        android:targetSdkVersion="31" />
9-->src/main/AndroidManifest.xml
10
11    <uses-permission android:name="android.permission.INTERNET" />
11-->src/main/AndroidManifest.xml:6:5-67
11-->src/main/AndroidManifest.xml:6:22-64
12    <uses-permission android:name="android.permission.WRITE_EXTERNAL_STORAGE" />
12-->src/main/AndroidManifest.xml:7:5-81
12-->src/main/AndroidManifest.xml:7:22-78
13
14    <!-- Include required permissions for Google Maps API to run. -->
15    <uses-permission android:name="android.permission.ACCESS_NETWORK_STATE" />
15-->[com.google.android.gms:play-services-maps:17.0.0] AndroidManifest.xml:23:5-79
15-->[com.google.android.gms:play-services-maps:17.0.0] AndroidManifest.xml:23:22-76
16
17    <uses-feature
17-->[com.google.android.gms:play-services-maps:17.0.0] AndroidManifest.xml:26:5-28:35
18        android:glEsVersion="0x00020000"
18-->[com.google.android.gms:play-services-maps:17.0.0] AndroidManifest.xml:27:9-41
19        android:required="true" />
19-->[com.google.android.gms:play-services-maps:17.0.0] AndroidManifest.xml:28:9-32
20
21    <application
21-->src/main/AndroidManifest.xml:9:5-194:19
22        android:allowBackup="true"
22-->src/main/AndroidManifest.xml:10:9-35
23        android:appComponentFactory="androidx.core.app.CoreComponentFactory"
23-->[androidx.core:core:1.8.0] AndroidManifest.xml:24:18-86
24        android:dataExtractionRules="@xml/data_extraction_rules"
24-->src/main/AndroidManifest.xml:11:9-65
25        android:debuggable="true"
26        android:extractNativeLibs="false"
27        android:fullBackupContent="@xml/backup_rules"
27-->src/main/AndroidManifest.xml:12:9-54
28        android:icon="@mipmap/ic_launcher"
28-->src/main/AndroidManifest.xml:13:9-43
29        android:label="@string/app_name"
29-->src/main/AndroidManifest.xml:14:9-41
30        android:roundIcon="@mipmap/ic_launcher_round"
30-->src/main/AndroidManifest.xml:15:9-54
31        android:supportsRtl="true"
31-->src/main/AndroidManifest.xml:16:9-35
32        android:theme="@style/Theme.SportPortal" >
32-->src/main/AndroidManifest.xml:17:9-49
33        <activity
33-->src/main/AndroidManifest.xml:19:9-21:40
34            android:name="com.sportportal.activity.GeneralJadwal"
34-->src/main/AndroidManifest.xml:20:13-51
35            android:exported="false" />
35-->src/main/AndroidManifest.xml:21:13-37
36        <activity
36-->src/main/AndroidManifest.xml:22:9-24:40
37            android:name="com.sportportal.activity.GeneralDetailLapangan"
37-->src/main/AndroidManifest.xml:23:13-59
38            android:exported="false" />
38-->src/main/AndroidManifest.xml:24:13-37
39        <activity
39-->src/main/AndroidManifest.xml:26:9-33:20
40            android:name="com.sportportal.activity.GeneralBeranda"
40-->src/main/AndroidManifest.xml:27:13-52
41            android:exported="true" >
41-->src/main/AndroidManifest.xml:28:13-36
42            <intent-filter>
42-->src/main/AndroidManifest.xml:29:13-32:29
43                <action android:name="android.intent.action.MAIN" />
43-->src/main/AndroidManifest.xml:30:17-69
43-->src/main/AndroidManifest.xml:30:25-66
44
45                <category android:name="android.intent.category.LAUNCHER" />
45-->src/main/AndroidManifest.xml:31:17-77
45-->src/main/AndroidManifest.xml:31:27-74
46            </intent-filter>
47        </activity>
48        <activity
48-->src/main/AndroidManifest.xml:35:9-37:40
49            android:name="com.sportportal.activity.GeneralNavigationDrawer"
49-->src/main/AndroidManifest.xml:36:13-61
50            android:exported="false" />
50-->src/main/AndroidManifest.xml:37:13-37
51        <activity
51-->src/main/AndroidManifest.xml:38:9-41:40
52            android:name="com.sportportal.activity.AdminEditRole"
52-->src/main/AndroidManifest.xml:39:13-51
53            android:exported="false"
53-->src/main/AndroidManifest.xml:40:13-37
54            android:noHistory="true" />
54-->src/main/AndroidManifest.xml:41:13-37
55        <activity
55-->src/main/AndroidManifest.xml:42:9-44:40
56            android:name="com.sportportal.activity.AdminProfilePengguna"
56-->src/main/AndroidManifest.xml:43:13-58
57            android:exported="false" />
57-->src/main/AndroidManifest.xml:44:13-37
58        <activity
58-->src/main/AndroidManifest.xml:45:9-47:40
59            android:name="com.sportportal.activity.AdminPengguna"
59-->src/main/AndroidManifest.xml:46:13-51
60            android:exported="false" />
60-->src/main/AndroidManifest.xml:47:13-37
61        <activity
61-->src/main/AndroidManifest.xml:48:9-50:40
62            android:name="com.sportportal.activity.AdminEditProfile"
62-->src/main/AndroidManifest.xml:49:13-54
63            android:exported="false" />
63-->src/main/AndroidManifest.xml:50:13-37
64        <activity
64-->src/main/AndroidManifest.xml:51:9-53:40
65            android:name="com.sportportal.activity.AdminProfile"
65-->src/main/AndroidManifest.xml:52:13-50
66            android:exported="false" />
66-->src/main/AndroidManifest.xml:53:13-37
67        <activity
67-->src/main/AndroidManifest.xml:54:9-56:40
68            android:name="com.sportportal.activity.AdminPenarikan"
68-->src/main/AndroidManifest.xml:55:13-52
69            android:exported="false" />
69-->src/main/AndroidManifest.xml:56:13-37
70        <activity
70-->src/main/AndroidManifest.xml:57:9-59:40
71            android:name="com.sportportal.activity.AdminDetailPenarikan"
71-->src/main/AndroidManifest.xml:58:13-58
72            android:exported="false" />
72-->src/main/AndroidManifest.xml:59:13-37
73        <activity
73-->src/main/AndroidManifest.xml:60:9-62:40
74            android:name="com.sportportal.activity.AdminSaldo"
74-->src/main/AndroidManifest.xml:61:13-48
75            android:exported="false" />
75-->src/main/AndroidManifest.xml:62:13-37
76        <activity
76-->src/main/AndroidManifest.xml:63:9-65:40
77            android:name="com.sportportal.activity.AdminPesanan"
77-->src/main/AndroidManifest.xml:64:13-50
78            android:exported="false" />
78-->src/main/AndroidManifest.xml:65:13-37
79        <activity
79-->src/main/AndroidManifest.xml:66:9-69:40
80            android:name="com.sportportal.activity.AdminNavigationDrawer"
80-->src/main/AndroidManifest.xml:67:13-59
81            android:exported="false"
81-->src/main/AndroidManifest.xml:68:13-37
82            android:noHistory="true" />
82-->src/main/AndroidManifest.xml:69:13-37
83        <activity
83-->src/main/AndroidManifest.xml:70:9-72:40
84            android:name="com.sportportal.activity.AdminDetailLapangan"
84-->src/main/AndroidManifest.xml:71:13-57
85            android:exported="false" />
85-->src/main/AndroidManifest.xml:72:13-37
86        <activity
86-->src/main/AndroidManifest.xml:73:9-75:40
87            android:name="com.sportportal.activity.AdminLapanganList"
87-->src/main/AndroidManifest.xml:74:13-55
88            android:exported="false" />
88-->src/main/AndroidManifest.xml:75:13-37
89        <activity
89-->src/main/AndroidManifest.xml:76:9-79:40
90            android:name="com.sportportal.activity.PenyediaNavigationDrawer"
90-->src/main/AndroidManifest.xml:77:13-62
91            android:exported="false"
91-->src/main/AndroidManifest.xml:78:13-37
92            android:noHistory="true" />
92-->src/main/AndroidManifest.xml:79:13-37
93        <activity
93-->src/main/AndroidManifest.xml:80:9-82:40
94            android:name="com.sportportal.activity.PenyediaEditProfile"
94-->src/main/AndroidManifest.xml:81:13-57
95            android:exported="false" />
95-->src/main/AndroidManifest.xml:82:13-37
96        <activity
96-->src/main/AndroidManifest.xml:83:9-85:40
97            android:name="com.sportportal.activity.PenyediaProfile"
97-->src/main/AndroidManifest.xml:84:13-53
98            android:exported="false" />
98-->src/main/AndroidManifest.xml:85:13-37
99        <activity
99-->src/main/AndroidManifest.xml:86:9-88:40
100            android:name="com.sportportal.activity.Password"
100-->src/main/AndroidManifest.xml:87:13-46
101            android:exported="false" />
101-->src/main/AndroidManifest.xml:88:13-37
102        <activity
102-->src/main/AndroidManifest.xml:89:9-91:40
103            android:name="com.sportportal.activity.EmailVerification"
103-->src/main/AndroidManifest.xml:90:13-55
104            android:exported="false" />
104-->src/main/AndroidManifest.xml:91:13-37
105        <activity
105-->src/main/AndroidManifest.xml:92:9-94:40
106            android:name="com.sportportal.activity.PenyediaDetailPenarikan"
106-->src/main/AndroidManifest.xml:93:13-61
107            android:exported="false" />
107-->src/main/AndroidManifest.xml:94:13-37
108        <activity
108-->src/main/AndroidManifest.xml:95:9-97:40
109            android:name="com.sportportal.activity.PenyediaPenarikanList"
109-->src/main/AndroidManifest.xml:96:13-59
110            android:exported="false" />
110-->src/main/AndroidManifest.xml:97:13-37
111        <activity
111-->src/main/AndroidManifest.xml:98:9-100:40
112            android:name="com.sportportal.activity.PenyediaPenarikanDibuat"
112-->src/main/AndroidManifest.xml:99:13-61
113            android:exported="false" />
113-->src/main/AndroidManifest.xml:100:13-37
114        <activity
114-->src/main/AndroidManifest.xml:101:9-104:40
115            android:name="com.sportportal.activity.PenyediaPenarikanSaldo"
115-->src/main/AndroidManifest.xml:102:13-60
116            android:exported="false"
116-->src/main/AndroidManifest.xml:103:13-37
117            android:noHistory="true" />
117-->src/main/AndroidManifest.xml:104:13-37
118        <activity
118-->src/main/AndroidManifest.xml:105:9-107:40
119            android:name="com.sportportal.activity.PenyediaSaldo"
119-->src/main/AndroidManifest.xml:106:13-51
120            android:exported="false" />
120-->src/main/AndroidManifest.xml:107:13-37
121        <activity
121-->src/main/AndroidManifest.xml:108:9-111:40
122            android:name="com.sportportal.activity.PenyediaChekoutPesananOffline"
122-->src/main/AndroidManifest.xml:109:13-67
123            android:exported="false"
123-->src/main/AndroidManifest.xml:110:13-37
124            android:noHistory="true" />
124-->src/main/AndroidManifest.xml:111:13-37
125        <activity
125-->src/main/AndroidManifest.xml:112:9-115:40
126            android:name="com.sportportal.activity.PenyediaTambahJadwalPesananOffline"
126-->src/main/AndroidManifest.xml:113:13-72
127            android:exported="false"
127-->src/main/AndroidManifest.xml:114:13-37
128            android:noHistory="true" />
128-->src/main/AndroidManifest.xml:115:13-37
129        <activity
129-->src/main/AndroidManifest.xml:116:9-118:40
130            android:name="com.sportportal.activity.PenyediaPesananOfflineCourtList"
130-->src/main/AndroidManifest.xml:117:13-69
131            android:exported="false" />
131-->src/main/AndroidManifest.xml:118:13-37
132        <activity
132-->src/main/AndroidManifest.xml:119:9-121:40
133            android:name="com.sportportal.activity.PenyediaPesananOfflineLapanganList"
133-->src/main/AndroidManifest.xml:120:13-72
134            android:exported="false" />
134-->src/main/AndroidManifest.xml:121:13-37
135        <activity
135-->src/main/AndroidManifest.xml:122:9-124:40
136            android:name="com.sportportal.activity.PenyediaPesananOffline"
136-->src/main/AndroidManifest.xml:123:13-60
137            android:exported="false" />
137-->src/main/AndroidManifest.xml:124:13-37
138        <activity
138-->src/main/AndroidManifest.xml:125:9-127:40
139            android:name="com.sportportal.activity.PenyediaDetailPesanan"
139-->src/main/AndroidManifest.xml:126:13-59
140            android:exported="false" />
140-->src/main/AndroidManifest.xml:127:13-37
141        <activity
141-->src/main/AndroidManifest.xml:128:9-130:40
142            android:name="com.sportportal.activity.PenyediaPesananLapanganList"
142-->src/main/AndroidManifest.xml:129:13-65
143            android:exported="false" />
143-->src/main/AndroidManifest.xml:130:13-37
144        <activity
144-->src/main/AndroidManifest.xml:131:9-133:40
145            android:name="com.sportportal.activity.PenyediaPesananList"
145-->src/main/AndroidManifest.xml:132:13-57
146            android:exported="false" />
146-->src/main/AndroidManifest.xml:133:13-37
147        <activity
147-->src/main/AndroidManifest.xml:134:9-137:40
148            android:name="com.sportportal.activity.PenyediaEditCourt"
148-->src/main/AndroidManifest.xml:135:13-55
149            android:exported="false"
149-->src/main/AndroidManifest.xml:136:13-37
150            android:noHistory="true" />
150-->src/main/AndroidManifest.xml:137:13-37
151        <activity
151-->src/main/AndroidManifest.xml:138:9-141:40
152            android:name="com.sportportal.activity.PenyediaTambahCourt"
152-->src/main/AndroidManifest.xml:139:13-57
153            android:exported="false"
153-->src/main/AndroidManifest.xml:140:13-37
154            android:noHistory="true" />
154-->src/main/AndroidManifest.xml:141:13-37
155        <activity
155-->src/main/AndroidManifest.xml:142:9-144:40
156            android:name="com.sportportal.activity.PenyediaEditLapangan"
156-->src/main/AndroidManifest.xml:143:13-58
157            android:exported="false" />
157-->src/main/AndroidManifest.xml:144:13-37
158        <activity
158-->src/main/AndroidManifest.xml:145:9-147:40
159            android:name="com.sportportal.activity.PenyediaDetailLapangan"
159-->src/main/AndroidManifest.xml:146:13-60
160            android:exported="false" />
160-->src/main/AndroidManifest.xml:147:13-37
161        <activity
161-->src/main/AndroidManifest.xml:148:9-150:40
162            android:name="com.sportportal.activity.PenyediaTambahLapangan"
162-->src/main/AndroidManifest.xml:149:13-60
163            android:exported="false" />
163-->src/main/AndroidManifest.xml:150:13-37
164        <activity
164-->src/main/AndroidManifest.xml:151:9-153:40
165            android:name="com.sportportal.activity.PenyediaLapanganList"
165-->src/main/AndroidManifest.xml:152:13-58
166            android:exported="false" />
166-->src/main/AndroidManifest.xml:153:13-37
167        <activity
167-->src/main/AndroidManifest.xml:154:9-156:40
168            android:name="com.sportportal.activity.EditProfile"
168-->src/main/AndroidManifest.xml:155:13-49
169            android:exported="false" />
169-->src/main/AndroidManifest.xml:156:13-37
170        <activity
170-->src/main/AndroidManifest.xml:157:9-159:40
171            android:name="com.sportportal.activity.Profile"
171-->src/main/AndroidManifest.xml:158:13-45
172            android:exported="false" />
172-->src/main/AndroidManifest.xml:159:13-37
173        <activity
173-->src/main/AndroidManifest.xml:160:9-162:40
174            android:name="com.sportportal.activity.CustomerDetailPesanan"
174-->src/main/AndroidManifest.xml:161:13-59
175            android:exported="false" />
175-->src/main/AndroidManifest.xml:162:13-37
176        <activity
176-->src/main/AndroidManifest.xml:163:9-165:40
177            android:name="com.sportportal.activity.CustomerPesanan"
177-->src/main/AndroidManifest.xml:164:13-53
178            android:exported="false" />
178-->src/main/AndroidManifest.xml:165:13-37
179        <activity
179-->src/main/AndroidManifest.xml:166:9-168:40
180            android:name="com.sportportal.activity.CustomerPesananDibuat"
180-->src/main/AndroidManifest.xml:167:13-59
181            android:exported="false" />
181-->src/main/AndroidManifest.xml:168:13-37
182        <activity
182-->src/main/AndroidManifest.xml:169:9-172:40
183            android:name="com.sportportal.activity.CustomerPembayaran"
183-->src/main/AndroidManifest.xml:170:13-56
184            android:exported="false"
184-->src/main/AndroidManifest.xml:171:13-37
185            android:noHistory="true" />
185-->src/main/AndroidManifest.xml:172:13-37
186        <activity
186-->src/main/AndroidManifest.xml:173:9-176:40
187            android:name="com.sportportal.activity.CustomerJadwal"
187-->src/main/AndroidManifest.xml:174:13-52
188            android:exported="false"
188-->src/main/AndroidManifest.xml:175:13-37
189            android:noHistory="true" />
189-->src/main/AndroidManifest.xml:176:13-37
190        <activity
190-->src/main/AndroidManifest.xml:177:9-180:40
191            android:name="com.sportportal.activity.UserNavigationDrawerActivity"
191-->src/main/AndroidManifest.xml:178:13-66
192            android:exported="false"
192-->src/main/AndroidManifest.xml:179:13-37
193            android:noHistory="true" />
193-->src/main/AndroidManifest.xml:180:13-37
194        <activity
194-->src/main/AndroidManifest.xml:181:9-183:40
195            android:name="com.sportportal.activity.CustomerDetailLapangan"
195-->src/main/AndroidManifest.xml:182:13-60
196            android:exported="false" />
196-->src/main/AndroidManifest.xml:183:13-37
197        <activity
197-->src/main/AndroidManifest.xml:184:9-186:40
198            android:name="com.sportportal.activity.CustomerBeranda"
198-->src/main/AndroidManifest.xml:185:13-53
199            android:exported="false" />
199-->src/main/AndroidManifest.xml:186:13-37
200        <activity
200-->src/main/AndroidManifest.xml:187:9-189:40
201            android:name="com.sportportal.activity.SignUp"
201-->src/main/AndroidManifest.xml:188:13-44
202            android:exported="false" />
202-->src/main/AndroidManifest.xml:189:13-37
203        <activity
203-->src/main/AndroidManifest.xml:190:9-193:20
204            android:name="com.sportportal.activity.Login"
204-->src/main/AndroidManifest.xml:191:13-43
205            android:exported="false" >
205-->src/main/AndroidManifest.xml:192:13-37
206        </activity>
207
208        <service
208-->[com.google.firebase:firebase-auth-ktx:21.0.5] AndroidManifest.xml:8:9-14:19
209            android:name="com.google.firebase.components.ComponentDiscoveryService"
209-->[com.google.firebase:firebase-auth-ktx:21.0.5] AndroidManifest.xml:9:13-84
210            android:directBootAware="true"
210-->[com.google.firebase:firebase-common:20.1.1] AndroidManifest.xml:35:13-43
211            android:exported="false" >
211-->[com.google.firebase:firebase-auth-ktx:21.0.5] AndroidManifest.xml:10:13-37
212            <meta-data
212-->[com.google.firebase:firebase-auth-ktx:21.0.5] AndroidManifest.xml:11:13-13:85
213                android:name="com.google.firebase.components:com.google.firebase.auth.ktx.FirebaseAuthKtxRegistrar"
213-->[com.google.firebase:firebase-auth-ktx:21.0.5] AndroidManifest.xml:12:17-116
214                android:value="com.google.firebase.components.ComponentRegistrar" />
214-->[com.google.firebase:firebase-auth-ktx:21.0.5] AndroidManifest.xml:13:17-82
215            <meta-data
215-->[com.google.firebase:firebase-storage-ktx:20.0.1] AndroidManifest.xml:15:13-17:85
216                android:name="com.google.firebase.components:com.google.firebase.storage.ktx.FirebaseStorageKtxRegistrar"
216-->[com.google.firebase:firebase-storage-ktx:20.0.1] AndroidManifest.xml:16:17-122
217                android:value="com.google.firebase.components.ComponentRegistrar" />
217-->[com.google.firebase:firebase-storage-ktx:20.0.1] AndroidManifest.xml:17:17-82
218            <meta-data
218-->[com.google.firebase:firebase-firestore-ktx:24.2.0] AndroidManifest.xml:15:13-17:85
219                android:name="com.google.firebase.components:com.google.firebase.firestore.ktx.FirebaseFirestoreKtxRegistrar"
219-->[com.google.firebase:firebase-firestore-ktx:24.2.0] AndroidManifest.xml:16:17-126
220                android:value="com.google.firebase.components.ComponentRegistrar" />
220-->[com.google.firebase:firebase-firestore-ktx:24.2.0] AndroidManifest.xml:17:17-82
221            <meta-data
221-->[com.google.firebase:firebase-auth:21.0.5] AndroidManifest.xml:67:13-69:85
222                android:name="com.google.firebase.components:com.google.firebase.auth.FirebaseAuthRegistrar"
222-->[com.google.firebase:firebase-auth:21.0.5] AndroidManifest.xml:68:17-109
223                android:value="com.google.firebase.components.ComponentRegistrar" />
223-->[com.google.firebase:firebase-auth:21.0.5] AndroidManifest.xml:69:17-82
224            <meta-data
224-->[com.google.firebase:firebase-storage:20.0.1] AndroidManifest.xml:33:13-35:85
225                android:name="com.google.firebase.components:com.google.firebase.storage.StorageRegistrar"
225-->[com.google.firebase:firebase-storage:20.0.1] AndroidManifest.xml:34:17-107
226                android:value="com.google.firebase.components.ComponentRegistrar" />
226-->[com.google.firebase:firebase-storage:20.0.1] AndroidManifest.xml:35:17-82
227            <meta-data
227-->[com.google.firebase:firebase-firestore:24.2.0] AndroidManifest.xml:20:13-22:85
228                android:name="com.google.firebase.components:com.google.firebase.firestore.FirestoreRegistrar"
228-->[com.google.firebase:firebase-firestore:24.2.0] AndroidManifest.xml:21:17-111
229                android:value="com.google.firebase.components.ComponentRegistrar" />
229-->[com.google.firebase:firebase-firestore:24.2.0] AndroidManifest.xml:22:17-82
230            <meta-data
230-->[com.google.firebase:firebase-common-ktx:20.1.1] AndroidManifest.xml:15:13-17:85
231                android:name="com.google.firebase.components:com.google.firebase.ktx.FirebaseCommonKtxRegistrar"
231-->[com.google.firebase:firebase-common-ktx:20.1.1] AndroidManifest.xml:16:17-113
232                android:value="com.google.firebase.components.ComponentRegistrar" />
232-->[com.google.firebase:firebase-common-ktx:20.1.1] AndroidManifest.xml:17:17-82
233        </service>
234
235        <activity
235-->[com.google.android.gms:play-services-auth:20.2.0] AndroidManifest.xml:23:9-27:75
236            android:name="com.google.android.gms.auth.api.signin.internal.SignInHubActivity"
236-->[com.google.android.gms:play-services-auth:20.2.0] AndroidManifest.xml:24:13-93
237            android:excludeFromRecents="true"
237-->[com.google.android.gms:play-services-auth:20.2.0] AndroidManifest.xml:25:13-46
238            android:exported="false"
238-->[com.google.android.gms:play-services-auth:20.2.0] AndroidManifest.xml:26:13-37
239            android:theme="@android:style/Theme.Translucent.NoTitleBar" />
239-->[com.google.android.gms:play-services-auth:20.2.0] AndroidManifest.xml:27:13-72
240        <!--
241            Service handling Google Sign-In user revocation. For apps that do not integrate with
242            Google Sign-In, this service will never be started.
243        -->
244        <service
244-->[com.google.android.gms:play-services-auth:20.2.0] AndroidManifest.xml:33:9-37:51
245            android:name="com.google.android.gms.auth.api.signin.RevocationBoundService"
245-->[com.google.android.gms:play-services-auth:20.2.0] AndroidManifest.xml:34:13-89
246            android:exported="true"
246-->[com.google.android.gms:play-services-auth:20.2.0] AndroidManifest.xml:35:13-36
247            android:permission="com.google.android.gms.auth.api.signin.permission.REVOCATION_NOTIFICATION"
247-->[com.google.android.gms:play-services-auth:20.2.0] AndroidManifest.xml:36:13-107
248            android:visibleToInstantApps="true" /> <!-- Needs to be explicitly declared on P+ -->
248-->[com.google.android.gms:play-services-auth:20.2.0] AndroidManifest.xml:37:13-48
249        <uses-library
249-->[com.google.android.gms:play-services-maps:17.0.0] AndroidManifest.xml:33:9-35:40
250            android:name="org.apache.http.legacy"
250-->[com.google.android.gms:play-services-maps:17.0.0] AndroidManifest.xml:34:13-50
251            android:required="false" />
251-->[com.google.android.gms:play-services-maps:17.0.0] AndroidManifest.xml:35:13-37
252
253        <activity
253-->[com.google.firebase:firebase-auth:21.0.5] AndroidManifest.xml:27:9-44:20
254            android:name="com.google.firebase.auth.internal.GenericIdpActivity"
254-->[com.google.firebase:firebase-auth:21.0.5] AndroidManifest.xml:28:13-80
255            android:excludeFromRecents="true"
255-->[com.google.firebase:firebase-auth:21.0.5] AndroidManifest.xml:29:13-46
256            android:exported="true"
256-->[com.google.firebase:firebase-auth:21.0.5] AndroidManifest.xml:30:13-36
257            android:launchMode="singleTask"
257-->[com.google.firebase:firebase-auth:21.0.5] AndroidManifest.xml:31:13-44
258            android:theme="@android:style/Theme.Translucent.NoTitleBar" >
258-->[com.google.firebase:firebase-auth:21.0.5] AndroidManifest.xml:32:13-72
259            <intent-filter>
259-->[com.google.firebase:firebase-auth:21.0.5] AndroidManifest.xml:33:13-43:29
260                <action android:name="android.intent.action.VIEW" />
260-->[com.google.firebase:firebase-auth:21.0.5] AndroidManifest.xml:34:17-69
260-->[com.google.firebase:firebase-auth:21.0.5] AndroidManifest.xml:34:25-66
261
262                <category android:name="android.intent.category.DEFAULT" />
262-->[com.google.firebase:firebase-auth:21.0.5] AndroidManifest.xml:36:17-76
262-->[com.google.firebase:firebase-auth:21.0.5] AndroidManifest.xml:36:27-73
263                <category android:name="android.intent.category.BROWSABLE" />
263-->[com.google.firebase:firebase-auth:21.0.5] AndroidManifest.xml:37:17-78
263-->[com.google.firebase:firebase-auth:21.0.5] AndroidManifest.xml:37:27-75
264
265                <data
265-->[com.google.firebase:firebase-auth:21.0.5] AndroidManifest.xml:39:17-42:51
266                    android:host="firebase.auth"
266-->[com.google.firebase:firebase-auth:21.0.5] AndroidManifest.xml:40:21-49
267                    android:path="/"
267-->[com.google.firebase:firebase-auth:21.0.5] AndroidManifest.xml:41:21-37
268                    android:scheme="genericidp" />
268-->[com.google.firebase:firebase-auth:21.0.5] AndroidManifest.xml:42:21-48
269            </intent-filter>
270        </activity>
271        <activity
271-->[com.google.firebase:firebase-auth:21.0.5] AndroidManifest.xml:45:9-62:20
272            android:name="com.google.firebase.auth.internal.RecaptchaActivity"
272-->[com.google.firebase:firebase-auth:21.0.5] AndroidManifest.xml:46:13-79
273            android:excludeFromRecents="true"
273-->[com.google.firebase:firebase-auth:21.0.5] AndroidManifest.xml:47:13-46
274            android:exported="true"
274-->[com.google.firebase:firebase-auth:21.0.5] AndroidManifest.xml:48:13-36
275            android:launchMode="singleTask"
275-->[com.google.firebase:firebase-auth:21.0.5] AndroidManifest.xml:49:13-44
276            android:theme="@android:style/Theme.Translucent.NoTitleBar" >
276-->[com.google.firebase:firebase-auth:21.0.5] AndroidManifest.xml:50:13-72
277            <intent-filter>
277-->[com.google.firebase:firebase-auth:21.0.5] AndroidManifest.xml:51:13-61:29
278                <action android:name="android.intent.action.VIEW" />
278-->[com.google.firebase:firebase-auth:21.0.5] AndroidManifest.xml:34:17-69
278-->[com.google.firebase:firebase-auth:21.0.5] AndroidManifest.xml:34:25-66
279
280                <category android:name="android.intent.category.DEFAULT" />
280-->[com.google.firebase:firebase-auth:21.0.5] AndroidManifest.xml:36:17-76
280-->[com.google.firebase:firebase-auth:21.0.5] AndroidManifest.xml:36:27-73
281                <category android:name="android.intent.category.BROWSABLE" />
281-->[com.google.firebase:firebase-auth:21.0.5] AndroidManifest.xml:37:17-78
281-->[com.google.firebase:firebase-auth:21.0.5] AndroidManifest.xml:37:27-75
282
283                <data
283-->[com.google.firebase:firebase-auth:21.0.5] AndroidManifest.xml:39:17-42:51
284                    android:host="firebase.auth"
284-->[com.google.firebase:firebase-auth:21.0.5] AndroidManifest.xml:40:21-49
285                    android:path="/"
285-->[com.google.firebase:firebase-auth:21.0.5] AndroidManifest.xml:41:21-37
286                    android:scheme="recaptcha" />
286-->[com.google.firebase:firebase-auth:21.0.5] AndroidManifest.xml:42:21-48
287            </intent-filter>
288        </activity>
289        <activity
289-->[com.google.android.gms:play-services-base:18.0.1] AndroidManifest.xml:20:9-22:45
290            android:name="com.google.android.gms.common.api.GoogleApiActivity"
290-->[com.google.android.gms:play-services-base:18.0.1] AndroidManifest.xml:20:19-85
291            android:exported="false"
291-->[com.google.android.gms:play-services-base:18.0.1] AndroidManifest.xml:22:19-43
292            android:theme="@android:style/Theme.Translucent.NoTitleBar" />
292-->[com.google.android.gms:play-services-base:18.0.1] AndroidManifest.xml:21:19-78
293
294        <provider
294-->[com.google.firebase:firebase-common:20.1.1] AndroidManifest.xml:26:9-31:39
295            android:name="com.google.firebase.provider.FirebaseInitProvider"
295-->[com.google.firebase:firebase-common:20.1.1] AndroidManifest.xml:27:13-77
296            android:authorities="com.sportportal.firebaseinitprovider"
296-->[com.google.firebase:firebase-common:20.1.1] AndroidManifest.xml:28:13-72
297            android:directBootAware="true"
297-->[com.google.firebase:firebase-common:20.1.1] AndroidManifest.xml:29:13-43
298            android:exported="false"
298-->[com.google.firebase:firebase-common:20.1.1] AndroidManifest.xml:30:13-37
299            android:initOrder="100" />
299-->[com.google.firebase:firebase-common:20.1.1] AndroidManifest.xml:31:13-36
300
301        <meta-data
301-->[com.google.android.gms:play-services-basement:18.0.0] AndroidManifest.xml:21:9-23:69
302            android:name="com.google.android.gms.version"
302-->[com.google.android.gms:play-services-basement:18.0.0] AndroidManifest.xml:22:13-58
303            android:value="@integer/google_play_services_version" />